[main] DEBUG com.mlab.pg.xyfunction.TestIntegerInterval  - TestIntegerInterval.testConstructor()
[main] DEBUG com.mlab.pg.xyfunction.TestIntegerInterval  - TestIntegerInterval.testContains_OneInterval()
[main] DEBUG com.mlab.pg.xyfunction.TestIntegerInterval  - TestIntegerInterval.testContainsInterior()
[main] DEBUG com.mlab.pg.xyfunction.TestIntegerInterval  - TestIntegerInterval.testContainsInterior_OneInterval()
[main] DEBUG com.mlab.pg.xyfunction.TestIntegerInterval  - TestIntegerInterval.testIntersects()
[main] DEBUG com.mlab.pg.xyfunction.TestIntegerInterval  - TestIntegerInterval.testIntersectsInterior()
[main] DEBUG com.mlab.pg.xyfunction.TestIntegerInterval  - TestIntegerInterval.testIntersection()
[main] DEBUG com.mlab.pg.xyfunction.TestIntegerInterval  - testGetMiddlePointForOnePointSegment()
[main] DEBUG com.mlab.pg.xyfunction.TestIntegerInterval  - testGetMiddlePointForOddSegment()
[main] DEBUG com.mlab.pg.xyfunction.TestIntegerInterval  - testGetMiddlePointEvenSegment()
[main] DEBUG com.mlab.pg.xyfunction.TestIntegerInterval  - testSize()
[main] DEBUG com.mlab.pg.xyfunction.TestIntegerInterval  - TestIntegerInterval.testEquals()
[main] DEBUG com.mlab.pg.xyfunction.TestIntegerInterval  - TestIntegerInterval.testContains_OneIndex()
[main] DEBUG com.mlab.pg.xyfunction.TestIntegerInterval  - TestIntegerInterval.testContainsInterior_OneInterval()
[main] DEBUG com.mlab.pg.xyfunction.TestIntegerInterval  - TestIntegerInterval.testIntersectsInterior()
[main] DEBUG com.mlab.pg.xyfunction.TestIntegerInterval  - TestIntegerInterval.testConstructor()
[main] DEBUG com.mlab.pg.xyfunction.TestIntegerInterval  - TestIntegerInterval.testContains_OneIndex()
[main] DEBUG com.mlab.pg.xyfunction.TestIntegerInterval  - TestIntegerInterval.testContains_OneInterval()
[main] DEBUG com.mlab.pg.xyfunction.TestIntegerInterval  - TestIntegerInterval.testIntersection()
[main] DEBUG com.mlab.pg.xyfunction.TestIntegerInterval  - testGetMiddlePointForOnePointSegment()
[main] DEBUG com.mlab.pg.xyfunction.TestIntegerInterval  - testGetMiddlePointForOddSegment()
[main] DEBUG com.mlab.pg.xyfunction.TestIntegerInterval  - testGetMiddlePointEvenSegment()
[main] DEBUG com.mlab.pg.xyfunction.TestIntegerInterval  - testSize()
[main] DEBUG com.mlab.pg.xyfunction.TestIntegerInterval  - TestIntegerInterval.testEquals()
[main] DEBUG com.mlab.pg.xyfunction.TestIntegerInterval  - TestIntegerInterval.testContainsInterior()
[main] DEBUG com.mlab.pg.xyfunction.TestIntegerInterval  - TestIntegerInterval.testIntersects()
[main] DEBUG com.mlab.pg.xyfunction.TestIntegerInterval  - testGetMiddlePointEvenSegment()
[main] DEBUG com.mlab.pg.xyfunction.TestIntegerInterval  - testSize()
[main] DEBUG com.mlab.pg.xyfunction.TestIntegerInterval  - TestIntegerInterval.testEquals()
[main] DEBUG com.mlab.pg.xyfunction.TestIntegerInterval  - TestIntegerInterval.testContains_OneInterval()
[main] DEBUG com.mlab.pg.xyfunction.TestIntegerInterval  - TestIntegerInterval.testContainsInterior_OneInterval()
[main] DEBUG com.mlab.pg.xyfunction.TestIntegerInterval  - TestIntegerInterval.testIntersects()
[main] DEBUG com.mlab.pg.xyfunction.TestIntegerInterval  - TestIntegerInterval.testIntersectsInterior()
[main] DEBUG com.mlab.pg.xyfunction.TestIntegerInterval  - TestIntegerInterval.testIntersection()
[main] DEBUG com.mlab.pg.xyfunction.TestIntegerInterval  - TestIntegerInterval.testConstructor()
[main] DEBUG com.mlab.pg.xyfunction.TestIntegerInterval  - TestIntegerInterval.testContains_OneIndex()
[main] DEBUG com.mlab.pg.xyfunction.TestIntegerInterval  - testGetMiddlePointForOnePointSegment()
[main] DEBUG com.mlab.pg.xyfunction.TestIntegerInterval  - testGetMiddlePointForOddSegment()
[main] DEBUG com.mlab.pg.xyfunction.TestIntegerInterval  - TestIntegerInterval.testContainsInterior()
[main] DEBUG com.mlab.pg.xyfunction.TestIntegerInterval  - TestIntegerInterval.testConstructor()
[main] DEBUG com.mlab.pg.xyfunction.TestIntegerInterval  - TestIntegerInterval.testContains_OneIndex()
[main] DEBUG com.mlab.pg.xyfunction.TestIntegerInterval  - TestIntegerInterval.testContains_OneInterval()
[main] DEBUG com.mlab.pg.xyfunction.TestIntegerInterval  - TestIntegerInterval.testContainsInterior()
[main] DEBUG com.mlab.pg.xyfunction.TestIntegerInterval  - TestIntegerInterval.testContainsInterior_OneInterval()
[main] DEBUG com.mlab.pg.xyfunction.TestIntegerInterval  - TestIntegerInterval.testIntersects()
[main] DEBUG com.mlab.pg.xyfunction.TestIntegerInterval  - TestIntegerInterval.testIntersectsInterior()
[main] DEBUG com.mlab.pg.xyfunction.TestIntegerInterval  - TestIntegerInterval.testIntersection()
[main] DEBUG com.mlab.pg.xyfunction.TestIntegerInterval  - testGetMiddlePointForOnePointSegment()
[main] DEBUG com.mlab.pg.xyfunction.TestIntegerInterval  - testGetMiddlePointForOddSegment()
[main] DEBUG com.mlab.pg.xyfunction.TestIntegerInterval  - testGetMiddlePointEvenSegment()
[main] DEBUG com.mlab.pg.xyfunction.TestIntegerInterval  - testSize()
[main] DEBUG com.mlab.pg.xyfunction.TestIntegerInterval  - TestIntegerInterval.testEquals()
[main] DEBUG com.mlab.pg.xyfunction.TestIntegerInterval  - TestIntegerInterval.testContains_OneIndex()
[main] DEBUG com.mlab.pg.xyfunction.TestIntegerInterval  - TestIntegerInterval.testContains_OneInterval()
[main] DEBUG com.mlab.pg.xyfunction.TestIntegerInterval  - TestIntegerInterval.testConstructor()
[main] DEBUG com.mlab.pg.xyfunction.TestIntegerInterval  - TestIntegerInterval.testContainsInterior()
[main] DEBUG com.mlab.pg.xyfunction.TestIntegerInterval  - TestIntegerInterval.testContainsInterior_OneInterval()
[main] DEBUG com.mlab.pg.xyfunction.TestIntegerInterval  - TestIntegerInterval.testIntersects()
[main] DEBUG com.mlab.pg.xyfunction.TestIntegerInterval  - TestIntegerInterval.testIntersectsInterior()
[main] DEBUG com.mlab.pg.xyfunction.TestIntegerInterval  - TestIntegerInterval.testIntersection()
[main] DEBUG com.mlab.pg.xyfunction.TestIntegerInterval  - testGetMiddlePointForOnePointSegment()
[main] DEBUG com.mlab.pg.xyfunction.TestIntegerInterval  - testGetMiddlePointForOddSegment()
[main] DEBUG com.mlab.pg.xyfunction.TestIntegerInterval  - testGetMiddlePointEvenSegment()
[main] DEBUG com.mlab.pg.xyfunction.TestIntegerInterval  - testSize()
[main] DEBUG com.mlab.pg.xyfunction.TestIntegerInterval  - TestIntegerInterval.testEquals()
[main] DEBUG com.mlab.pg.xyfunction.TestIntegerInterval  - TestIntegerInterval.testConstructor()
[main] DEBUG com.mlab.pg.xyfunction.TestIntegerInterval  - TestIntegerInterval.testContains_OneIndex()
[main] DEBUG com.mlab.pg.xyfunction.TestIntegerInterval  - TestIntegerInterval.testContains_OneInterval()
[main] DEBUG com.mlab.pg.xyfunction.TestIntegerInterval  - TestIntegerInterval.testContainsInterior()
[main] DEBUG com.mlab.pg.xyfunction.TestIntegerInterval  - TestIntegerInterval.testContainsInterior_OneInterval()
[main] DEBUG com.mlab.pg.xyfunction.TestIntegerInterval  - TestIntegerInterval.testIntersects()
[main] DEBUG com.mlab.pg.xyfunction.TestIntegerInterval  - TestIntegerInterval.testIntersectsInterior()
[main] DEBUG com.mlab.pg.xyfunction.TestIntegerInterval  - TestIntegerInterval.testIntersection()
[main] DEBUG com.mlab.pg.xyfunction.TestIntegerInterval  - testGetMiddlePointForOnePointSegment()
[main] DEBUG com.mlab.pg.xyfunction.TestIntegerInterval  - testGetMiddlePointForOddSegment()
[main] DEBUG com.mlab.pg.xyfunction.TestIntegerInterval  - testGetMiddlePointEvenSegment()
[main] DEBUG com.mlab.pg.xyfunction.TestIntegerInterval  - testSize()
[main] DEBUG com.mlab.pg.xyfunction.TestIntegerInterval  - TestIntegerInterval.testEquals()
[main] DEBUG com.mlab.pg.random.TestRandomFactory  - testRandomDoubleByIncrements()
[main] DEBUG com.mlab.pg.random.TestRandomFactory  - testRandomDoubleByIncrementsWithNegativeNumbers()
[main] DEBUG com.mlab.pg.xyfunction.TestIntegerInterval  - TestIntegerInterval.testConstructor()
[main] DEBUG com.mlab.pg.xyfunction.TestIntegerInterval  - TestIntegerInterval.testContains_OneIndex()
[main] DEBUG com.mlab.pg.xyfunction.TestIntegerInterval  - TestIntegerInterval.testContains_OneInterval()
[main] DEBUG com.mlab.pg.xyfunction.TestIntegerInterval  - TestIntegerInterval.testContainsInterior()
[main] DEBUG com.mlab.pg.xyfunction.TestIntegerInterval  - TestIntegerInterval.testContainsInterior_OneInterval()
[main] DEBUG com.mlab.pg.xyfunction.TestIntegerInterval  - TestIntegerInterval.testIntersects()
[main] DEBUG com.mlab.pg.xyfunction.TestIntegerInterval  - TestIntegerInterval.testIntersectsInterior()
[main] DEBUG com.mlab.pg.xyfunction.TestIntegerInterval  - TestIntegerInterval.testIntersection()
[main] DEBUG com.mlab.pg.xyfunction.TestIntegerInterval  - testGetMiddlePointForOnePointSegment()
[main] DEBUG com.mlab.pg.xyfunction.TestIntegerInterval  - testGetMiddlePointForOddSegment()
[main] DEBUG com.mlab.pg.xyfunction.TestIntegerInterval  - testGetMiddlePointEvenSegment()
[main] DEBUG com.mlab.pg.xyfunction.TestIntegerInterval  - testSize()
[main] DEBUG com.mlab.pg.xyfunction.TestIntegerInterval  - TestIntegerInterval.testEquals()
[main] DEBUG com.mlab.pg.random.TestRandomFactory  - testRandomDoubleByIncrements()
[main] DEBUG com.mlab.pg.random.TestRandomFactory  - testRandomDoubleByIncrementsWithNegativeNumbers()
[main] DEBUG com.mlab.pg.xyfunction.TestIntegerInterval  - TestIntegerInterval.testConstructor()
[main] DEBUG com.mlab.pg.xyfunction.TestIntegerInterval  - TestIntegerInterval.testContains_OneIndex()
[main] DEBUG com.mlab.pg.xyfunction.TestIntegerInterval  - TestIntegerInterval.testContains_OneInterval()
[main] DEBUG com.mlab.pg.xyfunction.TestIntegerInterval  - TestIntegerInterval.testContainsInterior()
[main] DEBUG com.mlab.pg.xyfunction.TestIntegerInterval  - TestIntegerInterval.testContainsInterior_OneInterval()
[main] DEBUG com.mlab.pg.xyfunction.TestIntegerInterval  - TestIntegerInterval.testIntersects()
[main] DEBUG com.mlab.pg.xyfunction.TestIntegerInterval  - TestIntegerInterval.testIntersectsInterior()
[main] DEBUG com.mlab.pg.xyfunction.TestIntegerInterval  - TestIntegerInterval.testIntersection()
[main] DEBUG com.mlab.pg.xyfunction.TestIntegerInterval  - testGetMiddlePointForOnePointSegment()
[main] DEBUG com.mlab.pg.xyfunction.TestIntegerInterval  - testGetMiddlePointForOddSegment()
[main] DEBUG com.mlab.pg.xyfunction.TestIntegerInterval  - testGetMiddlePointEvenSegment()
[main] DEBUG com.mlab.pg.xyfunction.TestIntegerInterval  - testSize()
[main] DEBUG com.mlab.pg.xyfunction.TestIntegerInterval  - TestIntegerInterval.testEquals()
[main] DEBUG com.mlab.pg.random.TestRandomFactory  - testRandomDoubleByIncrements()
[main] DEBUG com.mlab.pg.random.TestRandomFactory  - testRandomDoubleByIncrementsWithNegativeNumbers()
[main] DEBUG com.mlab.pg.xyfunction.TestIntegerInterval  - TestIntegerInterval.testConstructor()
[main] DEBUG com.mlab.pg.xyfunction.TestIntegerInterval  - TestIntegerInterval.testContains_OneIndex()
[main] DEBUG com.mlab.pg.xyfunction.TestIntegerInterval  - TestIntegerInterval.testContains_OneInterval()
[main] DEBUG com.mlab.pg.xyfunction.TestIntegerInterval  - TestIntegerInterval.testContainsInterior()
[main] DEBUG com.mlab.pg.xyfunction.TestIntegerInterval  - TestIntegerInterval.testContainsInterior_OneInterval()
[main] DEBUG com.mlab.pg.xyfunction.TestIntegerInterval  - TestIntegerInterval.testIntersects()
[main] DEBUG com.mlab.pg.xyfunction.TestIntegerInterval  - TestIntegerInterval.testIntersectsInterior()
[main] DEBUG com.mlab.pg.xyfunction.TestIntegerInterval  - TestIntegerInterval.testIntersection()
[main] DEBUG com.mlab.pg.xyfunction.TestIntegerInterval  - testGetMiddlePointForOnePointSegment()
[main] DEBUG com.mlab.pg.xyfunction.TestIntegerInterval  - testGetMiddlePointForOddSegment()
[main] DEBUG com.mlab.pg.xyfunction.TestIntegerInterval  - testGetMiddlePointEvenSegment()
[main] DEBUG com.mlab.pg.xyfunction.TestIntegerInterval  - testSize()
[main] DEBUG com.mlab.pg.xyfunction.TestIntegerInterval  - TestIntegerInterval.testEquals()
[main] DEBUG com.mlab.pg.random.TestRandomFactory  - testRandomDoubleByIncrements()
[main] DEBUG com.mlab.pg.random.TestRandomFactory  - testRandomDoubleByIncrementsWithNegativeNumbers()
[main] DEBUG com.mlab.pg.xyfunction.TestIntegerInterval  - TestIntegerInterval.testConstructor()
[main] DEBUG com.mlab.pg.xyfunction.TestIntegerInterval  - TestIntegerInterval.testContains_OneIndex()
[main] DEBUG com.mlab.pg.xyfunction.TestIntegerInterval  - TestIntegerInterval.testContains_OneInterval()
[main] DEBUG com.mlab.pg.xyfunction.TestIntegerInterval  - TestIntegerInterval.testContainsInterior()
[main] DEBUG com.mlab.pg.xyfunction.TestIntegerInterval  - TestIntegerInterval.testContainsInterior_OneInterval()
[main] DEBUG com.mlab.pg.xyfunction.TestIntegerInterval  - TestIntegerInterval.testIntersects()
[main] DEBUG com.mlab.pg.xyfunction.TestIntegerInterval  - TestIntegerInterval.testIntersectsInterior()
[main] DEBUG com.mlab.pg.xyfunction.TestIntegerInterval  - TestIntegerInterval.testIntersection()
[main] DEBUG com.mlab.pg.xyfunction.TestIntegerInterval  - testGetMiddlePointForOnePointSegment()
[main] DEBUG com.mlab.pg.xyfunction.TestIntegerInterval  - testGetMiddlePointForOddSegment()
[main] DEBUG com.mlab.pg.xyfunction.TestIntegerInterval  - testGetMiddlePointEvenSegment()
[main] DEBUG com.mlab.pg.xyfunction.TestIntegerInterval  - testSize()
[main] DEBUG com.mlab.pg.xyfunction.TestIntegerInterval  - TestIntegerInterval.testEquals()
[main] DEBUG com.mlab.pg.xyfunction.TestStraight  - TestStraight.test()
[main] DEBUG com.mlab.pg.valign.TestGradeAlign  - test()
[main] DEBUG com.mlab.pg.valign.TestVerticalCurveAlign  - test()
[main] DEBUG com.mlab.pg.random.TestRandomFactory  - testRandomDoubleByIncrements()
[main] DEBUG com.mlab.pg.random.TestRandomFactory  - testRandomDoubleByIncrementsWithNegativeNumbers()
[main] DEBUG com.mlab.pg.xyfunction.TestIntegerInterval  - TestIntegerInterval.testConstructor()
[main] DEBUG com.mlab.pg.xyfunction.TestIntegerInterval  - TestIntegerInterval.testContains_OneIndex()
[main] DEBUG com.mlab.pg.xyfunction.TestIntegerInterval  - TestIntegerInterval.testContains_OneInterval()
[main] DEBUG com.mlab.pg.xyfunction.TestIntegerInterval  - TestIntegerInterval.testContainsInterior()
[main] DEBUG com.mlab.pg.xyfunction.TestIntegerInterval  - TestIntegerInterval.testContainsInterior_OneInterval()
[main] DEBUG com.mlab.pg.xyfunction.TestIntegerInterval  - TestIntegerInterval.testIntersects()
[main] DEBUG com.mlab.pg.xyfunction.TestIntegerInterval  - TestIntegerInterval.testIntersectsInterior()
[main] DEBUG com.mlab.pg.xyfunction.TestIntegerInterval  - TestIntegerInterval.testIntersection()
[main] DEBUG com.mlab.pg.xyfunction.TestIntegerInterval  - testGetMiddlePointForOnePointSegment()
[main] DEBUG com.mlab.pg.xyfunction.TestIntegerInterval  - testGetMiddlePointForOddSegment()
[main] DEBUG com.mlab.pg.xyfunction.TestIntegerInterval  - testGetMiddlePointEvenSegment()
[main] DEBUG com.mlab.pg.xyfunction.TestIntegerInterval  - testSize()
[main] DEBUG com.mlab.pg.xyfunction.TestIntegerInterval  - TestIntegerInterval.testEquals()
[main] DEBUG com.mlab.pg.xyfunction.TestStraight  - TestStraight.test()
[main] DEBUG com.mlab.pg.valign.TestGradeAlign  - test()
[main] DEBUG com.mlab.pg.valign.TestVerticalCurveAlign  - test()
[main] DEBUG com.mlab.pg.random.TestRandomFactory  - testRandomDoubleByIncrements()
[main] DEBUG com.mlab.pg.random.TestRandomFactory  - testRandomDoubleByIncrementsWithNegativeNumbers()
